<?xml version="1.0" encoding="UTF-8"?>
<!-- Generated by org.testng.reporters.JUnitReportReporter -->
<testsuite hostname="LTIN592011" failures="0" tests="4" name="com.royalcaribbean.tests.TestRoyalCaribbeanWebPage" time="46.763" errors="0" timestamp="2025-06-06T17:12:31 IST" skipped="0">
  <testcase classname="com.royalcaribbean.tests.TestRoyalCaribbeanWebPage" name="testBookNow" time="20.094"/>
  <system-out/>
  <testcase classname="com.royalcaribbean.tests.TestRoyalCaribbeanWebPage" name="testTextResultPage" time="8.769"/>
  <system-out/>
  <testcase classname="com.royalcaribbean.tests.TestRoyalCaribbeanWebPage" name="testClickBookNow" time="4.474"/>
  <system-out/>
  <testcase classname="com.royalcaribbean.tests.TestRoyalCaribbeanWebPage" name="testResultPage" time="13.426"/>
  <system-out/>
</testsuite> <!-- com.royalcaribbean.tests.TestRoyalCaribbeanWebPage -->
