<?xml version="1.0" encoding="UTF-8"?>
<!-- Generated by org.testng.reporters.JUnitReportReporter -->
<testsuite hostname="LTIN592011" failures="0" tests="4" name="com.royalcaribbean.TestRoyalCaribbeanWebPage" time="40.674" errors="0" timestamp="2025-05-15T06:34:13 IST" skipped="0">
  <testcase classname="com.royalcaribbean.TestRoyalCaribbeanWebPage" name="testBookNow" time="16.529"/>
  <system-out/>
  <testcase classname="com.royalcaribbean.TestRoyalCaribbeanWebPage" name="testTextResultPage" time="10.609"/>
  <system-out/>
  <testcase classname="com.royalcaribbean.TestRoyalCaribbeanWebPage" name="testClickBookNow" time="3.717"/>
  <system-out/>
  <testcase classname="com.royalcaribbean.TestRoyalCaribbeanWebPage" name="testResultPage" time="9.819"/>
  <system-out/>
</testsuite> <!-- com.royalcaribbean.TestRoyalCaribbeanWebPage -->
