<?xml version="1.0" encoding="UTF-8"?>
<!-- Generated by org.testng.reporters.JUnitReportReporter -->
<testsuite hostname="LTIN592011" failures="0" tests="1" name="com.royalcaribbean.BookNowPageTest" time="6.633" errors="0" timestamp="2025-05-09T11:21:14 IST" skipped="0">
  <testcase classname="com.royalcaribbean.BookNowPageTest" name="testBookNow" time="6.633"/>
  <system-out/>
</testsuite> <!-- com.royalcaribbean.BookNowPageTest -->
